The number of packages installed
  4061   4061 280060 pi_pkgs.txt
total 348
drwxr-xr-x 14 root root    4096 Oct  2 20:45 .
drwxr-xr-x  3 root root    4096 Oct  2 20:14 ..
-rw-------  1 root root     116 Oct  2 20:29 .Xauthority
drwx------  6 root root    4096 Oct  2 20:26 .config
drwx------  3 root root    4096 Oct  2 20:25 .dbus
drwxr-xr-x  3 root root    4096 Oct  2 20:25 .local
drwx------  4 root root    4096 Oct  2 20:26 .thumbnails
drwxr-xr-x  3 root root    4096 Oct  2 20:45 RPi-config
drwxr-xr-x  3 root root    4096 Oct  2 20:45 SDRAM_Controller
drwxr-xr-x  5 1000 users   4096 Aug  5 03:40 bcm2835-1.45
drwxr-xr-x  8 root root    4096 Oct  8  2015 bcm2835_xsconnect_RPi-config_myhdl_rhea_hats
drwxr-xr-x  4 root root    4096 Oct  2 20:45 hats
drwxr-xr-x  8 root root    4096 Oct  2 20:41 myhdl
-rw-r--r--  1 root root  280060 Oct  2 20:29 pi_pkgs.txt
-rwxr-xr-x  1 root root    2356 Oct  8  2015 post_build
-rw-r--r--  1 root root      66 Oct  2 20:29 post_build.log
drwxr-xr-x 34 root root    4096 Oct  2 20:45 raspberrypi2_yocto
drwxr-xr-x  9 root root    4096 Oct  2 20:45 rhea
Sent to SPI: 0x23. Read back from SPI: 0xFF.
Do you have the loopback from MOSI to MISO connected?
total 92
drwxr-xr-x 2 root root  4096 Oct  2 20:45 .
drwxr-xr-x 4 root root  4096 Oct  2 20:45 ..
-rw-r--r-- 1 root root   246 Oct  2 20:45 Makefile
-rwxr-xr-x 1 root root   410 Oct  2 20:45 README.txt
-rwxr-xr-x 1 root root 16112 Oct  2 20:45 eepdump
-rw-r--r-- 1 root root  6455 Oct  2 20:45 eepdump.c
-rwxr-xr-x 1 root root  3108 Oct  2 20:45 eepflash.sh
-rwxr-xr-x 1 root root 23684 Oct  2 20:45 eepmake
-rw-r--r-- 1 root root 14996 Oct  2 20:45 eepmake.c
-rwxr-xr-x 1 root root  3078 Oct  2 20:45 eeprom_settings.txt
-rw-r--r-- 1 root root  2342 Oct  2 20:45 eeptypes.h
total 1872
drwxr-xr-x 24 root root    4096 Oct  2 20:46 .
drwxr-xr-x 28 root root   16384 Oct  2 20:45 ..
drwxr-xr-x  2 root root    8192 Oct  2 20:16 PIL
-rw-r--r--  1 root root       4 Sep 12 21:31 PIL.pth
drwxr-xr-x  2 root root    4096 Oct  2 20:16 PyPubSub-3.3.0-py2.7.egg-info
-rw-r--r--  1 root root     119 Sep 12 20:03 README
drwxr-xr-x  2 root root    4096 Oct  2 20:16 RPi
-rw-r--r--  1 root root    7852 Sep 12 21:30 RPi.GPIO-0.5.11-py2.7.egg-info
drwxr-xr-x  2 root root    4096 Oct  2 20:16 XsTools-0.1.30-py2.7.egg-info
-rwxr-xr-x  1 root root     991 Sep 12 20:17 _dbus_bindings.la
-rwxr-xr-x  1 root root  130996 Sep 12 20:17 _dbus_bindings.so
-rwxr-xr-x  1 root root    1340 Sep 12 20:17 _dbus_glib_bindings.la
-rwxr-xr-x  1 root root    6424 Sep 12 20:17 _dbus_glib_bindings.so
-rw-r--r--  1 root root    4537 Sep 12 21:29 bitstring-3.1.3-py2.7.egg-info
-rw-r--r--  1 root root  165628 Mar  4  2014 bitstring.py
-rw-r--r--  1 root root  176948 Sep 12 21:29 bitstring.pyc
-rw-r--r--  1 root root      21 Sep 12 19:33 cv.py
-rwxr-xr-x  1 root root 1216664 Sep 12 21:24 cv2.so
drwxr-xr-x  3 root root    4096 Oct  2 20:16 dbus
drwxr-xr-x  5 root root    4096 Oct  2 20:16 distribute-0.6.32-py2.7.egg
-rw-r--r--  1 root root     213 Oct  2 20:46 easy-install.pth
drwxr-xr-x  2 root root    4096 Oct  2 20:16 glib
drwxr-xr-x  2 root root    4096 Oct  2 20:16 gobject
drwxr-xr-x  3 root root    4096 Oct  2 20:16 gtk-2.0
drwxr-xr-x  2 root root    4096 Oct  2 20:16 intelhex
-rw-r--r--  1 root root     896 Sep 12 21:29 intelhex-1.5-py2.7.egg-info
drwxr-xr-x  6 root root    4096 Oct  2 20:16 nose
drwxr-xr-x  2 root root    4096 Oct  2 20:16 nose-1.3.6-py2.7.egg-info
drwxr-xr-x 18 root root    4096 Oct  2 20:16 numpy
-rw-r--r--  1 root root    1630 Sep 12 20:35 numpy-1.7.0-py2.7.egg-info
drwxr-xr-x  6 root root    4096 Oct  2 20:16 pip
drwxr-xr-x  2 root root    4096 Oct  2 20:16 pip-1.5.6-py2.7.egg-info
drwxr-xr-x  4 root root    4096 Oct  2 20:16 pubsub
-rw-r--r--  1 root root       8 Sep 12 20:18 pygtk.pth
-rw-r--r--  1 root root    2966 Sep 12 20:18 pygtk.py
-rw-r--r--  1 root root    1755 Sep 12 20:18 pygtk.pyo
-rw-r--r--  1 root root     508 Sep 12 21:29 pyusb-1.0.0a3-py2.7.egg-info
drwxr-xr-x  2 root root    4096 Oct  2 20:16 rpm
-rw-r--r--  1 root root     144 Sep 12 20:59 setuptools-0.6c11-py2.7.egg-info
-rw-r--r--  1 root root      30 Sep 12 20:59 setuptools.pth
drwxr-xr-x  8 root root    4096 Oct  2 20:16 smart
-rw-r--r--  1 root root     319 Sep 12 21:29 smart-1.5-py2.7.egg-info
drwxr-xr-x  2 root root    4096 Oct  2 20:16 tests
drwxr-xr-x  3 root root    4096 Oct  2 20:16 usb
drwxr-xr-x  5 root root    4096 Oct  2 20:46 xsconnect-0.1.2-py2.7.egg
drwxr-xr-x  6 root root    4096 Oct  2 20:16 xstools
total 0
total 124
drwxr-xr-x 3 root root  4096 Oct  2 20:47 .
drwxr-xr-x 7 root root  4096 Oct  2 20:41 ..
-rw-r--r-- 1 root root   170 Oct  2 20:41 Makefile
-rw-r--r-- 1 root root  1186 Oct  2 20:41 README.txt
-rw-r--r-- 1 root root 12018 Oct  2 20:41 myhdl.c
-rw-r--r-- 1 root root 11765 Oct  2 20:41 myhdl.c.20030518
-rw-r--r-- 1 root root 26140 Oct  2 20:47 myhdl.o
-rwxr-xr-x 1 root root 28960 Oct  2 20:47 myhdl.vpi
-rw-r--r-- 1 root root 11765 Oct  2 20:41 myhdl_20030518.c
-rw-r--r-- 1 root root   126 Oct  2 20:41 myhdl_table.c
-rw-r--r-- 1 root root  3700 Oct  2 20:47 myhdl_table.o
drwxr-xr-x 2 root root  4096 Oct  2 20:41 test
total 336
drwxr-xr-x 2 root root   4096 Oct  2 20:51 .
drwxr-xr-x 3 root root   4096 Oct  2 20:51 ..
-rw-r--r-- 1 root root  71079 Oct  2 20:52 build_iceriver.log
-rw-r--r-- 1 root root  32216 Oct  2 20:52 icestick.bin
-rw-r--r-- 1 root root  15741 Oct  2 20:51 icestick.blif
-rw-r--r-- 1 root root    128 Oct  2 20:51 icestick.pcf
-rw-r--r-- 1 root root 189936 Oct  2 20:52 icestick.txt
-rw-r--r-- 1 root root    624 Oct  2 20:51 icestick.v
-rw-r--r-- 1 root root    753 Oct  2 20:51 icestick.ys
total 348
drwxr-xr-x 13 root root    4096 Oct  2 20:52 .
drwxr-xr-x  3 root root    4096 Oct  2 20:14 ..
-rw-------  1 root root     116 Oct  2 20:29 .Xauthority
drwx------  6 root root    4096 Oct  2 20:26 .config
drwx------  3 root root    4096 Oct  2 20:25 .dbus
drwxr-xr-x  3 root root    4096 Oct  2 20:25 .local
-rw-------  1 root root       0 Oct  2 20:52 .python-history
drwx------  4 root root    4096 Oct  2 20:26 .thumbnails
-rw-------  1 root root       0 Oct  2 20:51 .yosys_history
drwxr-xr-x  3 root root    4096 Oct  2 20:45 RPi-config
drwxr-xr-x  3 root root    4096 Oct  2 20:45 SDRAM_Controller
drwxr-xr-x  5 1000 users   4096 Aug  5 03:40 bcm2835-1.45
drwxr-xr-x  4 root root    4096 Oct  2 20:45 hats
drwxr-xr-x 11 root root    4096 Oct  2 20:47 myhdl
-rw-r--r--  1 root root  280060 Oct  2 20:29 pi_pkgs.txt
-rwxr-xr-x  1 root root    2356 Oct  8  2015 post_build
-rw-r--r--  1 root root    5652 Oct  2 20:52 post_build.log
drwxr-xr-x 34 root root    4096 Oct  2 20:45 raspberrypi2_yocto
drwxr-xr-x  9 root root    4096 Oct  2 20:45 rhea
